<?xml version="1.0" encoding="UTF-8"?>
<coverage generated="1513854575270" clover="3.2.0">
  <project timestamp="1513854575270" name="All files">
    <metrics statements="25" coveredstatements="24" conditionals="0" coveredconditionals="0" methods="4" coveredmethods="2" elements="29" coveredelements="26" complexity="0" loc="25" ncloc="25" packages="2" files="4" classes="4">
      <package name="App">
        <metrics statements="15" coveredstatements="14" conditionals="0" coveredconditionals="0" methods="3" coveredmethods="1"/>
        <file name="App.tsx" path="C:\Users\maciej\Desktop\react-redux-typescript-boilerplate\src\components\App\App.tsx">
          <metrics statements="11" coveredstatements="10" conditionals="0" coveredconditionals="0" methods="3" coveredmethods="1"/>
          <line num="2" count="1" type="stmt"/>
          <line num="3" count="1" type="stmt"/>
          <line num="4" count="1" type="stmt"/>
          <line num="5" count="1" type="stmt"/>
          <line num="6" count="1" type="stmt"/>
          <line num="7" count="1" type="stmt"/>
          <line num="11" count="1" type="stmt"/>
          <line num="12" count="1" type="stmt"/>
          <line num="13" count="1" type="stmt"/>
          <line num="15" count="0" type="stmt"/>
          <line num="18" count="1" type="stmt"/>
        </file>
        <file name="index.ts" path="C:\Users\maciej\Desktop\react-redux-typescript-boilerplate\src\components\App\index.ts">
          <metrics statements="4" coveredstatements="4" conditionals="0" coveredconditionals="0" methods="0" coveredmethods="0"/>
          <line num="2" count="1" type="stmt"/>
          <line num="3" count="1" type="stmt"/>
          <line num="4" count="1" type="stmt"/>
          <line num="5" count="1" type="stmt"/>
        </file>
      </package>
      <package name="Link">
        <metrics statements="10" coveredstatements="10" conditionals="0" coveredconditionals="0" methods="1" coveredmethods="1"/>
        <file name="Link.tsx" path="C:\Users\maciej\Desktop\react-redux-typescript-boilerplate\src\components\Link\Link.tsx">
          <metrics statements="7" coveredstatements="7" conditionals="0" coveredconditionals="0" methods="1" coveredmethods="1"/>
          <line num="2" count="2" type="stmt"/>
          <line num="3" count="2" type="stmt"/>
          <line num="4" count="2" type="stmt"/>
          <line num="5" count="2" type="stmt"/>
          <line num="6" count="1" type="stmt"/>
          <line num="7" count="1" type="stmt"/>
          <line num="9" count="2" type="stmt"/>
        </file>
        <file name="index.ts" path="C:\Users\maciej\Desktop\react-redux-typescript-boilerplate\src\components\Link\index.ts">
          <metrics statements="3" coveredstatements="3" conditionals="0" coveredconditionals="0" methods="0" coveredmethods="0"/>
          <line num="2" count="2" type="stmt"/>
          <line num="3" count="2" type="stmt"/>
          <line num="4" count="2" type="stmt"/>
        </file>
      </package>
    </metrics>
  </project>
</coverage>
