{"C:\\Users\\maciej\\Desktop\\react-redux-typescript-boilerplate\\src\\components\\App\\App.tsx": {"path":"C:\\Users\\maciej\\Desktop\\react-redux-typescript-boilerplate\\src\\components\\App\\App.tsx","statementMap":{"0":{"start":{"line":2,"column":0},"end":{"line":2,"column":62}},"1":{"start":{"line":3,"column":12},"end":{"line":3,"column":28}},"2":{"start":{"line":4,"column":20},"end":{"line":4,"column":42}},"3":{"start":{"line":5,"column":13},"end":{"line":5,"column":33}},"4":{"start":{"line":6,"column":13},"end":{"line":6,"column":33}},"5":{"start":{"line":7,"column":22},"end":{"line":10,"column":5}},"6":{"start":{"line":7,"column":41},"end":{"line":10,"column":3}},"7":{"start":{"line":11,"column":0},"end":{"line":17,"column":2}},"8":{"start":{"line":12,"column":23},"end":{"line":12,"column":38}},"9":{"start":{"line":12,"column":59},"end":{"line":12,"column":78}},"10":{"start":{"line":13,"column":4},"end":{"line":16,"column":83}},"11":{"start":{"line":15,"column":76},"end":{"line":16,"column":76}},"12":{"start":{"line":18,"column":0},"end":{"line":18,"column":75}}},"fnMap":{"0":{"name":"(anonymous_0)","decl":{"start":{"line":7,"column":22},"end":{"line":7,"column":23}},"loc":{"start":{"line":7,"column":39},"end":{"line":10,"column":5}},"line":7},"1":{"name":"(anonymous_1)","decl":{"start":{"line":11,"column":14},"end":{"line":11,"column":15}},"loc":{"start":{"line":11,"column":28},"end":{"line":17,"column":1}},"line":11},"2":{"name":"(anonymous_2)","decl":{"start":{"line":15,"column":61},"end":{"line":15,"column":62}},"loc":{"start":{"line":15,"column":74},"end":{"line":16,"column":78}},"line":15}},"branchMap":{},"s":{"0":1,"1":1,"2":1,"3":1,"4":1,"5":1,"6":0,"7":1,"8":1,"9":1,"10":1,"11":0,"12":1},"f":{"0":0,"1":1,"2":0},"b":{},"inputSourceMap":{"version":3,"file":"App.js","sourceRoot":"","sources":["App.tsx"],"names":[],"mappings":";;AAAA,6BAA+B;AAC/B,2CAAsC;AACtC,kCAA6B;AAE7B,IAAM,MAAM,GAAG,OAAO,CAAC,WAAW,CAAC,CAAC;AAEpC,IAAM,eAAe,GAAG,UAAA,KAAK,IAAI,OAAA,CAAC;IAC9B,YAAY,EAAE,KAAK,CAAC,YAAY;IAChC,gBAAgB,EAAE,KAAK,CAAC,gBAAgB;CAC3C,CAAC,EAH+B,CAG/B,CAAC;AAEU,QAAA,GAAG,GAAG,UAAC,EAMnB;QALG,8BAAY,EACZ,sCAAgB;IAId,OAAA,CACF,6BAAK,SAAS,EAAE,MAAM,CAAC,GAAG;QACtB,gCAAK,YAAY,CAAM;QACvB,gCACK,gBAAgB,CAAC,GAAG,CAAC,UAAA,CAAC,IAAI,OAAA,CACvB;YACI,oBAAC,cAAI,IAAC,IAAI,EAAE,CAAC,CAAC,IAAI,IAAG,CAAC,CAAC,IAAI,CAAQ,CAClC,CACR,EAJ0B,CAI1B,CAAC,CACD,CACH,CACT;AAXK,CAWL,CAAC;AAEW,QAAA,YAAY,GAAG,qBAAO,CAAC,eAAe,CAAC,CAAC,WAAG,CAAC,CAAC","sourcesContent":["import * as React from 'react';\r\nimport { connect } from 'react-redux';\r\nimport Link from \"./../Link\";\r\n\r\nconst styles = require('./App.css');\r\n\r\nconst mapStateToProps = state => ({\r\n    helloMessage: state.helloMessage,\r\n    usedTechnologies: state.usedTechnologies\r\n});\r\n\r\nexport const App = ({\r\n    helloMessage, \r\n    usedTechnologies\r\n}: {\r\n    helloMessage: string, \r\n    usedTechnologies: {href: string, name: string}[]\r\n}) => (\r\n    <div className={styles.App}>\r\n        <h1>{helloMessage}</h1>\r\n        <ul>\r\n            {usedTechnologies.map(x => (\r\n                <li>\r\n                    <Link href={x.href}>{x.name}</Link>\r\n                </li>\r\n            ))}\r\n        </ul>\r\n    </div>\r\n);\r\n\r\nexport const ConnectedApp = connect(mapStateToProps)(App);"]},"_coverageSchema":"332fd63041d2c1bcb487cc26dd0d5f7d97098a6c","hash":"0b5b9d4f2c1bacc91fa09dca5f2d6713a3ac1d97"}
,"C:\\Users\\maciej\\Desktop\\react-redux-typescript-boilerplate\\src\\components\\App\\index.ts": {"path":"C:\\Users\\maciej\\Desktop\\react-redux-typescript-boilerplate\\src\\components\\App\\index.ts","statementMap":{"0":{"start":{"line":2,"column":0},"end":{"line":2,"column":62}},"1":{"start":{"line":3,"column":12},"end":{"line":3,"column":28}},"2":{"start":{"line":4,"column":0},"end":{"line":4,"column":24}},"3":{"start":{"line":5,"column":0},"end":{"line":5,"column":42}}},"fnMap":{},"branchMap":{},"s":{"0":1,"1":1,"2":1,"3":1},"f":{},"b":{},"inputSourceMap":{"version":3,"file":"index.js","sourceRoot":"","sources":["index.ts"],"names":[],"mappings":";;AAAA,6BAAwC;AAAhC,oBAAA,GAAG,CAAA;AAAE,6BAAA,YAAY,CAAA","sourcesContent":["export {App, ConnectedApp} from './App';"]},"_coverageSchema":"332fd63041d2c1bcb487cc26dd0d5f7d97098a6c","hash":"9d79cc647490842c60d96793eded8c7a7de63a72"}
,"C:\\Users\\maciej\\Desktop\\react-redux-typescript-boilerplate\\src\\components\\Link\\Link.tsx": {"path":"C:\\Users\\maciej\\Desktop\\react-redux-typescript-boilerplate\\src\\components\\Link\\Link.tsx","statementMap":{"0":{"start":{"line":2,"column":0},"end":{"line":2,"column":62}},"1":{"start":{"line":3,"column":12},"end":{"line":3,"column":28}},"2":{"start":{"line":4,"column":13},"end":{"line":4,"column":34}},"3":{"start":{"line":5,"column":11},"end":{"line":8,"column":1}},"4":{"start":{"line":6,"column":15},"end":{"line":6,"column":22}},"5":{"start":{"line":6,"column":35},"end":{"line":6,"column":46}},"6":{"start":{"line":7,"column":4},"end":{"line":7,"column":88}},"7":{"start":{"line":9,"column":0},"end":{"line":9,"column":23}}},"fnMap":{"0":{"name":"(anonymous_0)","decl":{"start":{"line":5,"column":11},"end":{"line":5,"column":12}},"loc":{"start":{"line":5,"column":25},"end":{"line":8,"column":1}},"line":5}},"branchMap":{},"s":{"0":2,"1":2,"2":2,"3":2,"4":1,"5":1,"6":1,"7":2},"f":{"0":1},"b":{},"inputSourceMap":{"version":3,"file":"Link.js","sourceRoot":"","sources":["Link.tsx"],"names":[],"mappings":";;AAAA,6BAA+B;AAE/B,IAAM,MAAM,GAAG,OAAO,CAAC,YAAY,CAAC,CAAC;AAErC,IAAM,IAAI,GAAG,UAAC,EAAkD;QAAjD,cAAI,EAAE,sBAAQ;IAAwC,OAAA,CACjE,2BAAG,SAAS,EAAE,MAAM,CAAC,IAAI,EAAE,IAAI,EAAE,IAAI,IAAG,QAAQ,CAAK,CACxD;AAFoE,CAEpE,CAAC;AAEF,kBAAe,IAAI,CAAC","sourcesContent":["import * as React from 'react';\r\n\r\nconst styles = require('./Link.css');\r\n\r\nconst Link = ({href, children}: {href: string, children: string}) => (\r\n    <a className={styles.Link} href={href}>{children}</a>\r\n);\r\n\r\nexport default Link;"]},"_coverageSchema":"332fd63041d2c1bcb487cc26dd0d5f7d97098a6c","hash":"7446935d9331a1a4f8a3a2567c9bf760a1391b9b"}
,"C:\\Users\\maciej\\Desktop\\react-redux-typescript-boilerplate\\src\\components\\Link\\index.ts": {"path":"C:\\Users\\maciej\\Desktop\\react-redux-typescript-boilerplate\\src\\components\\Link\\index.ts","statementMap":{"0":{"start":{"line":2,"column":0},"end":{"line":2,"column":62}},"1":{"start":{"line":3,"column":13},"end":{"line":3,"column":30}},"2":{"start":{"line":4,"column":0},"end":{"line":4,"column":33}}},"fnMap":{},"branchMap":{},"s":{"0":2,"1":2,"2":2},"f":{},"b":{},"inputSourceMap":{"version":3,"file":"index.js","sourceRoot":"","sources":["index.ts"],"names":[],"mappings":";;AAAA,+BAA+B;AAAvB,yBAAA,OAAO,CAAA","sourcesContent":["export {default} from './Link';\r\n"]},"_coverageSchema":"332fd63041d2c1bcb487cc26dd0d5f7d97098a6c","hash":"44191757c49a5966336e61aa49a8653a8a35ff57"}
}
